Traceback (most recent call last):
  File "C:\Users\julia\AppData\Local\Programs\Python\Python313\Lib\threading.py", line 1041, in _bootstrap_inner
    self.run()
    ~~~~~~~~^^
  File "C:\Users\julia\AppData\Local\Programs\Python\Python313\Lib\threading.py", line 992, in run
    self._target(*self._args, **self._kwargs)
    ~~~~~~~~~~~~^^^^^^^^^^^^^^^^^^^^^^^^^^^^^
  File "c:\Users\julia\Documents\git_main_rep\JugendForscht-Projekt\demos\demo7Looped.py", line 129, in process_audio
    textToSpeech(translated)
    ~~~~~~~~~~~~^^^^^^^^^^^^
  File "c:\Users\julia\Documents\git_main_rep\JugendForscht-Projekt\demos\demo7Looped.py", line 104, in textToSpeech
    asyncio.run(inner())
    ~~~~~~~~~~~^^^^^^^^^
  File "C:\Users\julia\AppData\Local\Programs\Python\Python313\Lib\asyncio\runners.py", line 194, in run
    return runner.run(main)
           ~~~~~~~~~~^^^^^^
  File "C:\Users\julia\AppData\Local\Programs\Python\Python313\Lib\asyncio\runners.py", line 118, in run
    return self._loop.run_until_complete(task)
           ~~~~~~~~~~~~~~~~~~~~~~~~~~~~~^^^^^^
  File "C:\Users\julia\AppData\Local\Programs\Python\Python313\Lib\asyncio\base_events.py", line 721, in run_until_complete
    return future.result()
           ~~~~~~~~~~~~~^^
  File "c:\Users\julia\Documents\git_main_rep\JugendForscht-Projekt\demos\demo7Looped.py", line 102, in inner
    await communicate.save("output.mp3")
  File "C:\Users\julia\Documents\git_main_rep\JugendForscht-Projekt\jf-projekt\Lib\site-packages\edge_tts\communicate.py", line 589, in save
    with metadata, open(audio_fname, "wb") as audio:
                   ~~~~^^^^^^^^^^^^^^^^^^^
PermissionError: [Errno 13] Permission denied: 'output.mp3'