Exception in thread Thread-5 (process_audio):
Traceback (most recent call last):
  File "C:\Users\julia\AppData\Local\Programs\Python\Python313\Lib\threading.py", line 1041, in _bootstrap_inner
    self.run()
    ~~~~~~~~^^
  File "C:\Users\julia\AppData\Local\Programs\Python\Python313\Lib\threading.py", line 992, in run
    self._target(*self._args, **self._kwargs)
    ~~~~~~~~~~~~^^^^^^^^^^^^^^^^^^^^^^^^^^^^^
  File "c:\Users\julia\Documents\git_main_rep\JugendForscht-Projekt\demo4Looped.py", line 36, in process_audio
    confidence = whisper.decode(model, mel).avg_logprob
                 ~~~~~~~~~~~~~~^^^^^^^^^^^^
  File "C:\Users\julia\Documents\git_main_rep\JugendForscht-Projekt\jf-projekt\Lib\site-packages\torch\utils\_contextlib.py", line 116, in decorate_context
    return func(*args, **kwargs)
  File "C:\Users\julia\Documents\git_main_rep\JugendForscht-Projekt\jf-projekt\Lib\site-packages\whisper\decoding.py", line 824, in decode
    result = DecodingTask(model, options).run(mel)
  File "C:\Users\julia\Documents\git_main_rep\JugendForscht-Projekt\jf-projekt\Lib\site-packages\torch\utils\_contextlib.py", line 116, in decorate_context
    return func(*args, **kwargs)
  File "C:\Users\julia\Documents\git_main_rep\JugendForscht-Projekt\jf-projekt\Lib\site-packages\whisper\decoding.py", line 737, in run
    tokens, sum_logprobs, no_speech_probs = self._main_loop(audio_features, tokens)
                                            ~~~~~~~~~~~~~~~^^^^^^^^^^^^^^^^^^^^^^^^
  File "C:\Users\julia\Documents\git_main_rep\JugendForscht-Projekt\jf-projekt\Lib\site-packages\whisper\decoding.py", line 687, in _main_loop
    logits = self.inference.logits(tokens, audio_features)
  File "C:\Users\julia\Documents\git_main_rep\JugendForscht-Projekt\jf-projekt\Lib\site-packages\whisper\decoding.py", line 163, in logits
    return self.model.decoder(tokens, audio_features, kv_cache=self.kv_cache)
           ~~~~~~~~~~~~~~~~~~^^^^^^^^^^^^^^^^^^^^^^^^^^^^^^^^^^^^^^^^^^^^^^^^
  File "C:\Users\julia\Documents\git_main_rep\JugendForscht-Projekt\jf-projekt\Lib\site-packages\torch\nn\modules\module.py", line 1751, in _wrapped_call_impl
    return self._call_impl(*args, **kwargs)
           ~~~~~~~~~~~~~~~^^^^^^^^^^^^^^^^^
  File "C:\Users\julia\Documents\git_main_rep\JugendForscht-Projekt\jf-projekt\Lib\site-packages\torch\nn\modules\module.py", line 1762, in _call_impl
    return forward_call(*args, **kwargs)
  File "C:\Users\julia\Documents\git_main_rep\JugendForscht-Projekt\jf-projekt\Lib\site-packages\whisper\model.py", line 242, in forward
    x = block(x, xa, mask=self.mask, kv_cache=kv_cache)
  File "C:\Users\julia\Documents\git_main_rep\JugendForscht-Projekt\jf-projekt\Lib\site-packages\torch\nn\modules\module.py", line 1751, in _wrapped_call_impl
    return self._call_impl(*args, **kwargs)
           ~~~~~~~~~~~~~~~^^^^^^^^^^^^^^^^^
  File "C:\Users\julia\Documents\git_main_rep\JugendForscht-Projekt\jf-projekt\Lib\site-packages\torch\nn\modules\module.py", line 1762, in _call_impl
    return forward_call(*args, **kwargs)
  File "C:\Users\julia\Documents\git_main_rep\JugendForscht-Projekt\jf-projekt\Lib\site-packages\whisper\model.py", line 167, in forward
    x = x + self.attn(self.attn_ln(x), mask=mask, kv_cache=kv_cache)[0]
            ~~~~~~~~~^^^^^^^^^^^^^^^^^^^^^^^^^^^^^^^^^^^^^^^^^^^^^^^
  File "C:\Users\julia\Documents\git_main_rep\JugendForscht-Projekt\jf-projekt\Lib\site-packages\torch\nn\modules\module.py", line 1751, in _wrapped_call_impl
    return self._call_impl(*args, **kwargs)
           ~~~~~~~~~~~~~~~^^^^^^^^^^^^^^^^^
  File "C:\Users\julia\Documents\git_main_rep\JugendForscht-Projekt\jf-projekt\Lib\site-packages\torch\nn\modules\module.py", line 1762, in _call_impl
    return forward_call(*args, **kwargs)
  File "C:\Users\julia\Documents\git_main_rep\JugendForscht-Projekt\jf-projekt\Lib\site-packages\whisper\model.py", line 111, in forward
    wv, qk = self.qkv_attention(q, k, v, mask)
             ~~~~~~~~~~~~~~~~~~^^^^^^^^^^^^^^^
  File "C:\Users\julia\Documents\git_main_rep\JugendForscht-Projekt\jf-projekt\Lib\site-packages\whisper\model.py", line 119, in qkv_attention
    q = q.view(*q.shape[:2], self.n_head, -1).permute(0, 2, 1, 3)
        ~~~~~~^^^^^^^^^^^^^^^^^^^^^^^^^^^^^^^
RuntimeError: cannot reshape tensor of 0 elements into shape [1, 0, 6, -1] because the unspecified dimension size -1 can be any value and is ambiguous


--

Exception in thread Thread-9 (process_audio):
Traceback (most recent call last):
  File "C:\Users\julia\AppData\Local\Programs\Python\Python313\Lib\threading.py", line 1041, in _bootstrap_inner
    self.run()
    ~~~~~~~~^^
  File "C:\Users\julia\AppData\Local\Programs\Python\Python313\Lib\threading.py", line 992, in run
    self._target(*self._args, **self._kwargs)
    ~~~~~~~~~~~~^^^^^^^^^^^^^^^^^^^^^^^^^^^^^
  File "c:\Users\julia\Documents\git_main_rep\JugendForscht-Projekt\demo4Looped.py", line 51, in process_audio
    result = whisper.decode(model, mel)
  File "C:\Users\julia\Documents\git_main_rep\JugendForscht-Projekt\jf-projekt\Lib\site-packages\torch\utils\_contextlib.py", line 116, in decorate_context
    return func(*args, **kwargs)
  File "C:\Users\julia\Documents\git_main_rep\JugendForscht-Projekt\jf-projekt\Lib\site-packages\whisper\decoding.py", line 824, in decode
    result = DecodingTask(model, options).run(mel)
  File "C:\Users\julia\Documents\git_main_rep\JugendForscht-Projekt\jf-projekt\Lib\site-packages\torch\utils\_contextlib.py", line 116, in decorate_context
    return func(*args, **kwargs)
  File "C:\Users\julia\Documents\git_main_rep\JugendForscht-Projekt\jf-projekt\Lib\site-packages\whisper\decoding.py", line 737, in run
    tokens, sum_logprobs, no_speech_probs = self._main_loop(audio_features, tokens)
                                            ~~~~~~~~~~~~~~~^^^^^^^^^^^^^^^^^^^^^^^^
  File "C:\Users\julia\Documents\git_main_rep\JugendForscht-Projekt\jf-projekt\Lib\site-packages\whisper\decoding.py", line 687, in _main_loop
    logits = self.inference.logits(tokens, audio_features)
  File "C:\Users\julia\Documents\git_main_rep\JugendForscht-Projekt\jf-projekt\Lib\site-packages\whisper\decoding.py", line 163, in logits
    return self.model.decoder(tokens, audio_features, kv_cache=self.kv_cache)
           ~~~~~~~~~~~~~~~~~~^^^^^^^^^^^^^^^^^^^^^^^^^^^^^^^^^^^^^^^^^^^^^^^^
  File "C:\Users\julia\Documents\git_main_rep\JugendForscht-Projekt\jf-projekt\Lib\site-packages\torch\nn\modules\module.py", line 1751, in _wrapped_call_impl
    return self._call_impl(*args, **kwargs)
           ~~~~~~~~~~~~~~~^^^^^^^^^^^^^^^^^
  File "C:\Users\julia\Documents\git_main_rep\JugendForscht-Projekt\jf-projekt\Lib\site-packages\torch\nn\modules\module.py", line 1762, in _call_impl
    return forward_call(*args, **kwargs)
  File "C:\Users\julia\Documents\git_main_rep\JugendForscht-Projekt\jf-projekt\Lib\site-packages\whisper\model.py", line 242, in forward
    x = block(x, xa, mask=self.mask, kv_cache=kv_cache)
  File "C:\Users\julia\Documents\git_main_rep\JugendForscht-Projekt\jf-projekt\Lib\site-packages\torch\nn\modules\module.py", line 1751, in _wrapped_call_impl
    return self._call_impl(*args, **kwargs)
           ~~~~~~~~~~~~~~~^^^^^^^^^^^^^^^^^
  File "C:\Users\julia\Documents\git_main_rep\JugendForscht-Projekt\jf-projekt\Lib\site-packages\torch\nn\modules\module.py", line 1762, in _call_impl
    return forward_call(*args, **kwargs)
  File "C:\Users\julia\Documents\git_main_rep\JugendForscht-Projekt\jf-projekt\Lib\site-packages\whisper\model.py", line 167, in forward
    x = x + self.attn(self.attn_ln(x), mask=mask, kv_cache=kv_cache)[0]
            ~~~~~~~~~^^^^^^^^^^^^^^^^^^^^^^^^^^^^^^^^^^^^^^^^^^^^^^^
  File "C:\Users\julia\Documents\git_main_rep\JugendForscht-Projekt\jf-projekt\Lib\site-packages\torch\nn\modules\module.py", line 1751, in _wrapped_call_impl
    return self._call_impl(*args, **kwargs)
           ~~~~~~~~~~~~~~~^^^^^^^^^^^^^^^^^
  File "C:\Users\julia\Documents\git_main_rep\JugendForscht-Projekt\jf-projekt\Lib\site-packages\torch\nn\modules\module.py", line 1762, in _call_impl
    return forward_call(*args, **kwargs)
  File "C:\Users\julia\Documents\git_main_rep\JugendForscht-Projekt\jf-projekt\Lib\site-packages\whisper\model.py", line 111, in forward
    wv, qk = self.qkv_attention(q, k, v, mask)
             ~~~~~~~~~~~~~~~~~~^^^^^^^^^^^^^^^
  File "C:\Users\julia\Documents\git_main_rep\JugendForscht-Projekt\jf-projekt\Lib\site-packages\whisper\model.py", line 124, in qkv_attention
    a = scaled_dot_product_attention(
        q, k, v, is_causal=mask is not None and n_ctx > 1
    )
RuntimeError: Expected query, key, and value to have the same dtype, but got query.dtype: struct c10::Half key.dtype: float and value.dtype: float instead.